PRE_UPD: ..\SRC\MD\ОбъектыМетаданных.txt
UPD: ..\SRC\MD\ОбъектыМетаданных.txt
PRE_UPD: ..\SRC\MD\ИдентификаторыКонфигурации.mdp
UPD: ..\SRC\MD\ИдентификаторыКонфигурации.mdp
PRE_UPD: ..\SRC\MD\ОписаниеКонфигурации.mdp
UPD: ..\SRC\MD\ОписаниеКонфигурации.mdp
PRE_NEW: ..\SRC\MD\Отчеты\тест\МодульФормы.1s
NEW: ..\SRC\MD\Отчеты\тест\МодульФормы.1s
PRE_NEW: ..\SRC\MD\Отчеты\тест\Форма.frm
NEW: ..\SRC\MD\Отчеты\тест\Форма.frm
PRE_NEW: ..\SRC\MD\Отчеты\тест\Таблица.mxl
NEW: ..\SRC\MD\Отчеты\тест\Таблица.mxl
PRE_NEW: ..\SRC\MD\Отчеты\тест\ПорядокОбъектов.ord
NEW: ..\SRC\MD\Отчеты\тест\ПорядокОбъектов.ord
PRE_NEW: ..\SRC\MD\Отчеты\тест\Структура.mdp
NEW: ..\SRC\MD\Отчеты\тест\Структура.mdp
PRE_NEW: ..\SRC\MD\Отчеты\ПорядокОбъектов.ord
NEW: ..\SRC\MD\Отчеты\ПорядокОбъектов.ord
PRE_NEW: ..\SRC\MD\Обработки\defcls\МодульФормы.1s
NEW: ..\SRC\MD\Обработки\defcls\МодульФормы.1s
PRE_NEW: ..\SRC\MD\Обработки\defcls\Форма.frm
NEW: ..\SRC\MD\Обработки\defcls\Форма.frm
PRE_NEW: ..\SRC\MD\Обработки\defcls\Таблица.mxl
NEW: ..\SRC\MD\Обработки\defcls\Таблица.mxl
PRE_NEW: ..\SRC\MD\Обработки\defcls\ПорядокОбъектов.ord
NEW: ..\SRC\MD\Обработки\defcls\ПорядокОбъектов.ord
PRE_NEW: ..\SRC\MD\Обработки\defcls\Структура.mdp
NEW: ..\SRC\MD\Обработки\defcls\Структура.mdp
PRE_NEW: ..\SRC\MD\Обработки\__КлассФабрикаСобытий__\МодульФормы.1s
NEW: ..\SRC\MD\Обработки\__КлассФабрикаСобытий__\МодульФормы.1s
PRE_NEW: ..\SRC\MD\Обработки\__КлассФабрикаСобытий__\Форма.frm
NEW: ..\SRC\MD\Обработки\__КлассФабрикаСобытий__\Форма.frm
PRE_NEW: ..\SRC\MD\Обработки\__КлассФабрикаСобытий__\Структура.mdp
NEW: ..\SRC\MD\Обработки\__КлассФабрикаСобытий__\Структура.mdp
PRE_NEW: ..\SRC\MD\Обработки\ТОК_КлассОтладка\МодульФормы.1s
NEW: ..\SRC\MD\Обработки\ТОК_КлассОтладка\МодульФормы.1s
PRE_NEW: ..\SRC\MD\Обработки\ТОК_КлассОтладка\Форма.frm
NEW: ..\SRC\MD\Обработки\ТОК_КлассОтладка\Форма.frm
PRE_NEW: ..\SRC\MD\Обработки\ТОК_КлассОтладка\Таблица.mxl
NEW: ..\SRC\MD\Обработки\ТОК_КлассОтладка\Таблица.mxl
PRE_NEW: ..\SRC\MD\Обработки\ТОК_КлассОтладка\ПорядокОбъектов.ord
NEW: ..\SRC\MD\Обработки\ТОК_КлассОтладка\ПорядокОбъектов.ord
PRE_NEW: ..\SRC\MD\Обработки\ТОК_КлассОтладка\Структура.mdp
NEW: ..\SRC\MD\Обработки\ТОК_КлассОтладка\Структура.mdp
PRE_NEW: ..\SRC\MD\Обработки\ПорядокОбъектов.ord
NEW: ..\SRC\MD\Обработки\ПорядокОбъектов.ord
PRE_UPD: ..\SRC\MD\ГлобальныйМодуль.1s
UPD: ..\SRC\MD\ГлобальныйМодуль.1s
PRE_UPD: ..\SRC\MD\GUIDData
UPD: ..\SRC\MD\GUIDData
'..\config\1cv7.cur.md' extracted into '..\SRC\MD' in 00:00:01
